ParseLoginSampleWithDispatchActivity/build/outputs/logs/manifest-merger-debug-report.txt
-- Merging decision tree log ---
manifest
ADDED from src\main\AndroidManifest.xml:20:1-77:12
	xmlns:android
		ADDED from src\main\AndroidManifest.xml:20:11-69
	package
		ADDED from src\main\AndroidManifest.xml:21:5-57
	android:versionName
		ADDED from src\main\AndroidManifest.xml:23:5-30
	android:versionCode
		ADDED from src\main\AndroidManifest.xml:22:5-28
		INJECTED from src\main\AndroidManifest.xml
		INJECTED from src\main\AndroidManifest.xml
uses-sdk
ADDED from src\main\AndroidManifest.xml:25:5-27:41
MERGED from [dukehack:ParseUI-Login:0.0.1] AndroidManifest.xml:28:5-30:41
MERGED from [com.android.support:support-v4:23.0.1] AndroidManifest.xml:20:5-43
	android:targetSdkVersion
		ADDED from src\main\AndroidManifest.xml:27:9-38
		INJECTED from src\main\AndroidManifest.xml
		INJECTED from src\main\AndroidManifest.xml
	android:minSdkVersion
		ADDED from src\main\AndroidManifest.xml:26:9-34
		INJECTED from src\main\AndroidManifest.xml
		INJECTED from src\main\AndroidManifest.xml
uses-permission#android.permission.INTERNET
ADDED from src\main\AndroidManifest.xml:29:5-67
	android:name
		ADDED from src\main\AndroidManifest.xml:29:22-64
uses-permission#android.permission.ACCESS_NETWORK_STATE
ADDED from src\main\AndroidManifest.xml:30:5-79
	android:name
		ADDED from src\main\AndroidManifest.xml:30:22-76
application
ADDED from src\main\AndroidManifest.xml:32:5-75:19
MERGED from [dukehack:ParseUI-Login:0.0.1] AndroidManifest.xml:32:5-20
MERGED from [com.android.support:support-v4:23.0.1] AndroidManifest.xml:22:5-20
	android:label
		ADDED from src\main\AndroidManifest.xml:36:9-41
	android:allowBackup
		ADDED from src\main\AndroidManifest.xml:34:9-35
	android:icon
		ADDED from src\main\AndroidManifest.xml:35:9-45
	android:theme
		ADDED from src\main\AndroidManifest.xml:37:9-40
	android:name
		ADDED from src\main\AndroidManifest.xml:33:9-42
activity#com.parse.loginsample.withdispatchactivity.SampleDispatchActivity
ADDED from src\main\AndroidManifest.xml:38:9-47:20
	android:label
		ADDED from src\main\AndroidManifest.xml:40:13-45
	android:name
		ADDED from src\main\AndroidManifest.xml:39:13-51
	android:launchMode
		ADDED from src\main\AndroidManifest.xml:41:13-43
intent-filter#android.intent.action.MAIN+android.intent.category.LAUNCHER
ADDED from src\main\AndroidManifest.xml:42:13-46:29
action#android.intent.action.MAIN
ADDED from src\main\AndroidManifest.xml:43:17-69
	android:name
		ADDED from src\main\AndroidManifest.xml:43:25-66
category#android.intent.category.LAUNCHER
ADDED from src\main\AndroidManifest.xml:45:17-77
	android:name
		ADDED from src\main\AndroidManifest.xml:45:27-74
activity#com.parse.loginsample.withdispatchactivity.SampleProfileActivity
ADDED from src\main\AndroidManifest.xml:48:9-51:46
	android:label
		ADDED from src\main\AndroidManifest.xml:50:13-45
	android:name
		ADDED from src\main\AndroidManifest.xml:49:13-50
	android:launchMode
		ADDED from src\main\AndroidManifest.xml:51:13-43
activity#com.parse.ui.ParseLoginActivity
ADDED from src\main\AndroidManifest.xml:52:9-62:20
	android:label
		ADDED from src\main\AndroidManifest.xml:54:13-45
	android:name
		ADDED from src\main\AndroidManifest.xml:53:13-59
	android:launchMode
		ADDED from src\main\AndroidManifest.xml:55:13-43
meta-data#com.parse.ui.ParseLoginActivity.PARSE_LOGIN_ENABLED
ADDED from src\main\AndroidManifest.xml:56:13-58:40
	android:name
		ADDED from src\main\AndroidManifest.xml:57:17-83
	android:value
		ADDED from src\main\AndroidManifest.xml:58:17-37
meta-data#com.parse.ui.ParseLoginActivity.PARSE_LOGIN_EMAIL_AS_USERNAME
ADDED from src\main\AndroidManifest.xml:59:13-61:40
	android:name
		ADDED from src\main\AndroidManifest.xml:60:17-93
	android:value
		ADDED from src\main\AndroidManifest.xml:61:17-37
activity#com.facebook.FacebookActivity
ADDED from src\main\AndroidManifest.xml:63:9-67:75
	android:label
		ADDED from src\main\AndroidManifest.xml:66:13-45
	android:configChanges
		ADDED from src\main\AndroidManifest.xml:65:13-96
	android:theme
		ADDED from src\main\AndroidManifest.xml:67:13-72
	android:name
		ADDED from src\main\AndroidManifest.xml:64:13-57
meta-data#com.parse.APPLICATION_ID
ADDED from src\main\AndroidManifest.xml:69:9-71:52
	android:name
		ADDED from src\main\AndroidManifest.xml:70:13-52
	android:value
		ADDED from src\main\AndroidManifest.xml:71:13-49
meta-data#com.parse.CLIENT_KEY
ADDED from src\main\AndroidManifest.xml:72:9-74:56
	android:name
		ADDED from src\main\AndroidManifest.xml:73:13-48
	android:value
		ADDED from src\main\AndroidManifest.xml:74:13-53